Arguments: 
  /home/mitar/.config/nvm/13.8.0/bin/node /usr/local/bin/yarn build

PATH: 
  /home/linuxbrew/.linuxbrew/sbin:/home/linuxbrew/.linuxbrew/bin:/home/mitar/.config/nvm/13.8.0/bin:/home/mitar/.fzf/bin:/usr/local/sbin:/usr/local/bin:/usr/sbin:/usr/bin:/sbin:/bin:/usr/games:/usr/local/games:/mnt/c/Program Files (x86)/Common Files/Intel/Shared Libraries/redist/intel64_win/compiler:/mnt/c/Program Files (x86)/Amazon Corretto/jdk1.8.0_232/bin:/mnt/c/WINDOWS/system32:/mnt/c/WINDOWS:/mnt/c/WINDOWS/System32/Wbem:/mnt/c/WINDOWS/System32/WindowsPowerShell/v1.0/:/mnt/c/WINDOWS/System32/OpenSSH/:/mnt/c/Program Files/nodejs/:/mnt/c/Program Files/Git/cmd:/mnt/c/Go/bin:/mnt/c/Program Files (x86)/Intel/Intel(R) Management Engine Components/DAL:/mnt/c/Program Files/Intel/Intel(R) Management Engine Components/DAL:/mnt/c/Program Files/Amazon/AWSCLI/bin/:/mnt/c/Program Files (x86)/dotnet/:/mnt/c/Program Files/Intel/WiFi/bin/:/mnt/c/Program Files/Common Files/Intel/WirelessCommon/:/mnt/c/Program Files (x86)/Common Files/Intel/Shared Libraries/redist/intel64_win/compiler:/mnt/c/Users/mitar/AppData/Roaming/local/bin:/mnt/c/Users/mitar/AppData/Local/Continuum/anaconda3:/mnt/c/Users/mitar/AppData/Local/Continuum/anaconda3/Library/mingw-w64/bin:/mnt/c/Users/mitar/AppData/Local/Continuum/anaconda3/Library/usr/bin:/mnt/c/Users/mitar/AppData/Local/Continuum/anaconda3/Library/bin:/mnt/c/Users/mitar/AppData/Local/Continuum/anaconda3/Scripts:/%USERPROFILE%/AppData/Local/Microsoft/WindowsApps:/mnt/c/Users/mitar/AppData/Local/Programs/Microsoft VS Code/bin:/mnt/c/OpenSSL-Win64/bin:/mnt/c/Users/mitar/AppData/Roaming/npm:/%USERPROFILE%/go/bin:/mnt/c/Users/mitar/AppData/Local/hyper/app-3.0.2/resources/bin

Yarn version: 
  1.19.1

Node version: 
  13.8.0

Platform: 
  linux x64

Trace: 
  SyntaxError: /mnt/c/Users/mitar/development/data-pipeline-d2s-cdk/package.json: Unexpected token } in JSON at position 174
      at JSON.parse (<anonymous>)
      at /usr/local/lib/node_modules/yarn/lib/cli.js:1625:59
      at Generator.next (<anonymous>)
      at step (/usr/local/lib/node_modules/yarn/lib/cli.js:304:30)
      at /usr/local/lib/node_modules/yarn/lib/cli.js:315:13

npm manifest: 
  {
    "name": "data-pipeline-d2s-cdk",
    "version": "0.1.0",
    "main": "lib/index.js",
    "types": "lib/index.d.ts",
    "scripts": {
      "build": "tsc",
      "watch": "tsc -w",
    },
    "devDependencies": {
      "@types/node": "10.17.5",
      "typescript": "~3.7.2"
    },
    "peerDependencies": {
      "@aws-cdk/core": "1.30.0"
    },
    "dependencies": {
      "@aws-cdk/aws-datapipeline": "^1.30.0",
      "@aws-cdk/aws-iam": "^1.30.0",
      "@aws-cdk/core": "1.30.0"
    }
  }

yarn manifest: 
  No manifest

Lockfile: 
  # THIS IS AN AUTOGENERATED FILE. DO NOT EDIT THIS FILE DIRECTLY.
  # yarn lockfile v1
  
  
  "@aws-cdk/aws-datapipeline@^1.30.0":
    version "1.30.0"
    resolved "https://registry.yarnpkg.com/@aws-cdk/aws-datapipeline/-/aws-datapipeline-1.30.0.tgz#23af07393b3a607269eb03ba119bcfbcee28473e"
    integrity sha512-3v7deetRIH4X8r2nvdgBN2HD+SzwSh0bcNGuruqnoO7GNm5lNBeLCVo/c0Om6+ghvEfck//7MlJqw8msaVaMlw==
    dependencies:
      "@aws-cdk/core" "1.30.0"
      constructs "^1.1.2"
  
  "@aws-cdk/aws-iam@^1.30.0":
    version "1.30.0"
    resolved "https://registry.yarnpkg.com/@aws-cdk/aws-iam/-/aws-iam-1.30.0.tgz#de72d6d75a71b860ba2b50ba98d47e89b95e241f"
    integrity sha512-4USD/55znEEyEpCU3aH8ZhAhiTBKPy3O7d5gwYSgapCGl7NpBnNki3C4M1arShlEQeTOtxA0ABTj458TSejSBw==
    dependencies:
      "@aws-cdk/core" "1.30.0"
      "@aws-cdk/region-info" "1.30.0"
      constructs "^1.1.2"
  
  "@aws-cdk/core@1.30.0":
    version "1.30.0"
    resolved "https://registry.yarnpkg.com/@aws-cdk/core/-/core-1.30.0.tgz#8a25779fe8d8319a6bf518d48a4e284e62af95b3"
    integrity sha512-nenxs8xUwELMn2zeFuVts7U/cQ8m2Pb2p8d4Gi4HC0mJJZbsUBRR5Vi6oYm5nHzcB3OP30gtIGNnWuHcdKPthA==
    dependencies:
      "@aws-cdk/cx-api" "1.30.0"
      constructs "^1.1.2"
  
  "@aws-cdk/cx-api@1.30.0":
    version "1.30.0"
    resolved "https://registry.yarnpkg.com/@aws-cdk/cx-api/-/cx-api-1.30.0.tgz#9fde2614efbf5b356c4f051ea79faeb00cdb0a21"
    integrity sha512-h2KFPR08xQOrKKH7MNu93lKRgrYh+lxTsBeuaaAki75n1/cbAN5b8nBoD445r86N4Bw7INmuVbVgZSHibrK/nw==
    dependencies:
      semver "^7.1.3"
  
  "@aws-cdk/region-info@1.30.0":
    version "1.30.0"
    resolved "https://registry.yarnpkg.com/@aws-cdk/region-info/-/region-info-1.30.0.tgz#79931ca8b9fa8766cc560507ae85d3055fef6e8d"
    integrity sha512-1t8ywtu+pbkKg8MNr0n6+uNmXPIIuodE7AcZ8TthtTPYGwFgYpNaRlZtRnHagw9g6ilxIrZNAZwXqGEamo3F+w==
  
  "@types/node@10.17.5":
    version "10.17.5"
    resolved "https://registry.yarnpkg.com/@types/node/-/node-10.17.5.tgz#c1920150f7b90708a7d0f3add12a06bc9123c055"
    integrity sha512-RElZIr/7JreF1eY6oD5RF3kpmdcreuQPjg5ri4oQ5g9sq7YWU8HkfB3eH8GwAwxf5OaCh0VPi7r4N/yoTGelrA==
  
  constructs@^1.1.2:
    version "1.1.2"
    resolved "https://registry.yarnpkg.com/constructs/-/constructs-1.1.2.tgz#5d9f62d43e28836ec2dac216fdfcd260d370a3c3"
    integrity sha512-JaNYYTHbgC6kzLYz2dgIvqYZSX++/cYQREHREfqltSRNBYVs4QKWm3N48N78RrAhnonRWuhCkOTYy+PbqcqTyw==
  
  semver@^7.1.3:
    version "7.1.3"
    resolved "https://registry.yarnpkg.com/semver/-/semver-7.1.3.tgz#e4345ce73071c53f336445cfc19efb1c311df2a6"
    integrity sha512-ekM0zfiA9SCBlsKa2X1hxyxiI4L3B6EbVJkkdgQXnSEEaHlGdvyodMruTiulSRWMMB4NeIuYNMC9rTKTz97GxA==
  
  typescript@~3.7.2:
    version "3.7.5"
    resolved "https://registry.yarnpkg.com/typescript/-/typescript-3.7.5.tgz#0692e21f65fd4108b9330238aac11dd2e177a1ae"
    integrity sha512-/P5lkRXkWHNAbcJIiHPfRoKqyd7bsyCma1hZNUGfn20qm64T6ZBlrzprymeu918H+mB/0rIg2gGK/BXkhhYgBw==
